
> frontend@0.0.0 start
> ng serve --host 127.0.0.1 --port 4200

[33m>[39m Building...
[32m√[39m Building...
[1mInitial chunk files[22m[2m | [22m[1mNames[22m            [2m | [22m[1mRaw size[22m
[32mstyles.css[39m         [2m | [22m[2mstyles[22m           [2m | [22m[36m86.43 kB[39m[2m | [22m
[32mmain.js[39m            [2m | [22m[2mmain[22m             [2m | [22m [36m9.98 kB[39m[2m | [22m
[32mchunk-RCQL3X2D.js[39m  [2m | [22m[2m-[22m                [2m | [22m [36m2.11 kB[39m[2m | [22m

[1m [22m                  [2m | [22m[1mInitial total[22m    [2m | [22m[1m98.52 kB[22m

[1mLazy chunk files[22m   [2m | [22m[1mNames[22m            [2m | [22m[1mRaw size[22m
[32mchunk-RUFYVMI7.js[39m  [2m | [22m[2mlogin[22m            [2m | [22m[36m12.82 kB[39m[2m | [22m
[32mchunk-T2VW6YR2.js[39m  [2m | [22m[2mlista-solicitudes[22m[2m | [22m[36m10.92 kB[39m[2m | [22m
[32mchunk-35FPZAWY.js[39m  [2m | [22m[2mnueva-solicitud[22m  [2m | [22m [36m9.49 kB[39m[2m | [22m
[32mchunk-HXYL6GI5.js[39m  [2m | [22m[2minicio[22m           [2m | [22m [36m7.88 kB[39m[2m | [22m
[32mchunk-IKUPLTH7.js[39m  [2m | [22m[2mregistro[22m         [2m | [22m [36m1.77 kB[39m[2m | [22m
[32mchunk-JW6OKKWG.js[39m  [2m | [22m[2m-[22m                [2m | [22m [36m1.02 kB[39m[2m | [22m

Application bundle generation complete. [4.255 seconds] - 2026-05-19T23:16:23.279Z

Watch mode enabled. Watching for file changes...
NOTE: Raw file sizes do not reflect development server per-request transformations.
[2m6:16:23 p. m.[22m [36m[1m[vite][22m[39m [90m[2m(client)[22m[39m Re-optimizing dependencies because lockfile has changed
  [32m➜[39m  [1mLocal[22m:   [36mhttp://127.0.0.1:[1m4200[22m/[39m
